  main.c
D:\dev\CompilerBitwise\CompilerBitwise\common.c(121,20): warning C4018: <: несоответствие типов со знаком и без знака
D:\dev\CompilerBitwise\CompilerBitwise\lex.c(453,57): warning C4013: token_kind_str: нет определения; предполагается "extern" с возвратом типа "int"
D:\dev\CompilerBitwise\CompilerBitwise\ast.h(8,27): error C2011: TypespecKind: переопределение типа "enum"
D:\dev\CompilerBitwise\CompilerBitwise\ast.h(8): message : см. объявление "TypespecKind"
D:\dev\CompilerBitwise\CompilerBitwise\ast.h(16,29): error C2011: FuncTypespec: переопределение типа "struct"
D:\dev\CompilerBitwise\CompilerBitwise\ast.h(16): message : см. объявление "FuncTypespec"
D:\dev\CompilerBitwise\CompilerBitwise\ast.h(22,28): error C2011: PtrTypespec: переопределение типа "struct"
D:\dev\CompilerBitwise\CompilerBitwise\ast.h(22): message : см. объявление "PtrTypespec"
D:\dev\CompilerBitwise\CompilerBitwise\ast.h(26,30): error C2011: ArrayTypespec: переопределение типа "struct"
D:\dev\CompilerBitwise\CompilerBitwise\ast.h(26): message : см. объявление "ArrayTypespec"
D:\dev\CompilerBitwise\CompilerBitwise\ast.h(31,17): error C2011: Typespec: переопределение типа "struct"
D:\dev\CompilerBitwise\CompilerBitwise\ast.h(31): message : см. объявление "Typespec"
D:\dev\CompilerBitwise\CompilerBitwise\ast.h(41,23): error C2011: DeclKind: переопределение типа "enum"
D:\dev\CompilerBitwise\CompilerBitwise\ast.h(41): message : см. объявление "DeclKind"
D:\dev\CompilerBitwise\CompilerBitwise\ast.h(52,26): error C2011: FuncParam: переопределение типа "struct"
D:\dev\CompilerBitwise\CompilerBitwise\ast.h(52): message : см. объявление "FuncParam"
D:\dev\CompilerBitwise\CompilerBitwise\ast.h(57,25): error C2011: FuncDecl: переопределение типа "struct"
D:\dev\CompilerBitwise\CompilerBitwise\ast.h(57): message : см. объявление "FuncDecl"
D:\dev\CompilerBitwise\CompilerBitwise\ast.h(63,25): error C2011: EnumItem: переопределение типа "struct"
D:\dev\CompilerBitwise\CompilerBitwise\ast.h(63): message : см. объявление "EnumItem"
D:\dev\CompilerBitwise\CompilerBitwise\ast.h(68,25): error C2011: EnumDecl: переопределение типа "struct"
D:\dev\CompilerBitwise\CompilerBitwise\ast.h(68): message : см. объявление "EnumDecl"
D:\dev\CompilerBitwise\CompilerBitwise\ast.h(73,30): error C2011: AggregateItem: переопределение типа "struct"
D:\dev\CompilerBitwise\CompilerBitwise\ast.h(73): message : см. объявление "AggregateItem"
D:\dev\CompilerBitwise\CompilerBitwise\ast.h(79,30): error C2011: AggregateDecl: переопределение типа "struct"
D:\dev\CompilerBitwise\CompilerBitwise\ast.h(79): message : см. объявление "AggregateDecl"
D:\dev\CompilerBitwise\CompilerBitwise\ast.h(84,28): error C2011: TypedefDecl: переопределение типа "struct"
D:\dev\CompilerBitwise\CompilerBitwise\ast.h(84): message : см. объявление "TypedefDecl"
D:\dev\CompilerBitwise\CompilerBitwise\ast.h(88,24): error C2011: VarDecl: переопределение типа "struct"
D:\dev\CompilerBitwise\CompilerBitwise\ast.h(88): message : см. объявление "VarDecl"
D:\dev\CompilerBitwise\CompilerBitwise\ast.h(93,26): error C2011: ConstDecl: переопределение типа "struct"
D:\dev\CompilerBitwise\CompilerBitwise\ast.h(93): message : см. объявление "ConstDecl"
D:\dev\CompilerBitwise\CompilerBitwise\ast.h(97,13): error C2011: Decl: переопределение типа "struct"
D:\dev\CompilerBitwise\CompilerBitwise\ast.h(97): message : см. объявление "Decl"
D:\dev\CompilerBitwise\CompilerBitwise\ast.h(110,23): error C2011: ExprKind: переопределение типа "enum"
D:\dev\CompilerBitwise\CompilerBitwise\ast.h(110): message : см. объявление "ExprKind"
D:\dev\CompilerBitwise\CompilerBitwise\ast.h(126,29): error C2011: CompoundExpr: переопределение типа "struct"
D:\dev\CompilerBitwise\CompilerBitwise\ast.h(126): message : см. объявление "CompoundExpr"
D:\dev\CompilerBitwise\CompilerBitwise\ast.h(132,25): error C2011: CastExpr: переопределение типа "struct"
D:\dev\CompilerBitwise\CompilerBitwise\ast.h(132): message : см. объявление "CastExpr"
D:\dev\CompilerBitwise\CompilerBitwise\ast.h(137,26): error C2011: UnaryExpr: переопределение типа "struct"
D:\dev\CompilerBitwise\CompilerBitwise\ast.h(137): message : см. объявление "UnaryExpr"
D:\dev\CompilerBitwise\CompilerBitwise\ast.h(142,27): error C2011: BinaryExpr: переопределение типа "struct"
D:\dev\CompilerBitwise\CompilerBitwise\ast.h(142): message : см. объявление "BinaryExpr"
D:\dev\CompilerBitwise\CompilerBitwise\ast.h(148,28): error C2011: TernaryExpr: переопределение типа "struct"
D:\dev\CompilerBitwise\CompilerBitwise\ast.h(148): message : см. объявление "TernaryExpr"
D:\dev\CompilerBitwise\CompilerBitwise\ast.h(154,25): error C2011: CallExpr: переопределение типа "struct"
D:\dev\CompilerBitwise\CompilerBitwise\ast.h(154): message : см. объявление "CallExpr"
D:\dev\CompilerBitwise\CompilerBitwise\ast.h(160,26): error C2011: IndexExpr: переопределение типа "struct"
D:\dev\CompilerBitwise\CompilerBitwise\ast.h(160): message : см. объявление "IndexExpr"
D:\dev\CompilerBitwise\CompilerBitwise\ast.h(165,26): error C2011: FieldExpr: переопределение типа "struct"
D:\dev\CompilerBitwise\CompilerBitwise\ast.h(165): message : см. объявление "FieldExpr"
D:\dev\CompilerBitwise\CompilerBitwise\ast.h(170,13): error C2011: Expr: переопределение типа "struct"
D:\dev\CompilerBitwise\CompilerBitwise\ast.h(170): message : см. объявление "Expr"
D:\dev\CompilerBitwise\CompilerBitwise\ast.h(188,23): error C2011: StmtKind: переопределение типа "enum"
D:\dev\CompilerBitwise\CompilerBitwise\ast.h(188): message : см. объявление "StmtKind"
D:\dev\CompilerBitwise\CompilerBitwise\ast.h(204,26): error C2011: StmtBlock: переопределение типа "struct"
D:\dev\CompilerBitwise\CompilerBitwise\ast.h(204): message : см. объявление "StmtBlock"
D:\dev\CompilerBitwise\CompilerBitwise\ast.h(209,23): error C2011: ElseIf: переопределение типа "struct"
D:\dev\CompilerBitwise\CompilerBitwise\ast.h(209): message : см. объявление "ElseIf"
D:\dev\CompilerBitwise\CompilerBitwise\ast.h(214,23): error C2011: IfStmt: переопределение типа "struct"
D:\dev\CompilerBitwise\CompilerBitwise\ast.h(214): message : см. объявление "IfStmt"
D:\dev\CompilerBitwise\CompilerBitwise\ast.h(222,26): error C2011: WhileStmt: переопределение типа "struct"
D:\dev\CompilerBitwise\CompilerBitwise\ast.h(222): message : см. объявление "WhileStmt"
D:\dev\CompilerBitwise\CompilerBitwise\ast.h(227,24): error C2011: ForStmt: переопределение типа "struct"
D:\dev\CompilerBitwise\CompilerBitwise\ast.h(227): message : см. объявление "ForStmt"
D:\dev\CompilerBitwise\CompilerBitwise\ast.h(233,27): error C2011: SwitchCase: переопределение типа "struct"
D:\dev\CompilerBitwise\CompilerBitwise\ast.h(233): message : см. объявление "SwitchCase"
D:\dev\CompilerBitwise\CompilerBitwise\ast.h(239,27): error C2011: SwitchStmt: переопределение типа "struct"
D:\dev\CompilerBitwise\CompilerBitwise\ast.h(239): message : см. объявление "SwitchStmt"
D:\dev\CompilerBitwise\CompilerBitwise\ast.h(245,27): error C2011: AssignStmt: переопределение типа "struct"
D:\dev\CompilerBitwise\CompilerBitwise\ast.h(245): message : см. объявление "AssignStmt"
D:\dev\CompilerBitwise\CompilerBitwise\ast.h(251,31): error C2011: AutoAssignStmt: переопределение типа "struct"
D:\dev\CompilerBitwise\CompilerBitwise\ast.h(251): message : см. объявление "AutoAssignStmt"
D:\dev\CompilerBitwise\CompilerBitwise\ast.h(256,13): error C2011: Stmt: переопределение типа "struct"
D:\dev\CompilerBitwise\CompilerBitwise\ast.h(256): message : см. объявление "Stmt"
D:\dev\CompilerBitwise\CompilerBitwise\main.c(27,12): warning C4013: parse_test: нет определения; предполагается "extern" с возвратом типа "int"
